
  ___  ____  ____  ____  ____ (R)
 /__    /   ____/   /   ____/
___/   /   /___/   /   /___/   13.1   Copyright 1985-2013 StataCorp LP
  Statistics/Data Analysis            StataCorp
                                      4905 Lakeway Drive
     MP - Parallel Edition            College Station, Texas 77845 USA
                                      800-STATA-PC        http://www.stata.com
                                      979-696-4600        stata@stata.com
                                      979-696-4601 (fax)

10-user 12-core Stata network perpetual license:
       Serial number:  501306210828
         Licensed to:  MIT Sloan School of Management
                       Cambridge, MA

Notes:
      1.  (-v# option or -set maxvar-) 5000 maximum variables
      2.  Command line editing disabled
      3.  Stata running in batch mode

Note:  Your site can add messages to the introduction by editing the file
       stata.msg in the directory where Stata is installed.

. do /mnt/nfs6/wikipedia.proj/jmp/jmpscripts/stata/process1.do 00 so 

. clear

. set more off

. 
. local path "/mnt/nfs6/wikipedia.proj/jmp/"

. local rawosm "/mnt/nfs6/wikipedia.proj/jmp/rawdata/osm/"

. local rawmaps "/mnt/nfs6/wikipedia.proj/jmp/rawdata/maps/"

. local stash "/mnt/nfs6/wikipedia.proj/jmp/rawdata/stash/"

. 
. cd `path'
/mnt/nfs6/wikipedia.proj/jmp

. 
. // Steps
. // 1. create csv files with non problematic tile ids and dta file
. // 2. process osm history data into csv and clean for quote
. // 3. match history data to cleant tiles
. 
. // Identify points that do not need to be classified
. 
. local filenum 00

. local region mw

. args filenum region

. 
. di "now processing `filenum'"
now processing 00

. di "now processing `region'"
now processing so

. 
